Arguments: 
  C:\Users\aruns\AppData\Local\fnm_multishells\10408_1740143713868\node.exe C:\Users\aruns\AppData\Roaming\npm\node_modules\yarn\bin\yarn.js init

PATH: 
  C:\Users\aruns\AppData\Local\fnm_multishells\10408_1740143713868;C:\Program Files\PowerShell\7;C:\Python312\Scripts\;C:\Python312\;C:\Python311\Scripts\;C:\Python311\;C:\Python310\Scripts\;C:\Python310\;C:\Program Files\Common Files\Oracle\Java\javapath;C:\WINDOWS\system32;C:\WINDOWS;C:\WINDOWS\System32\Wbem;C:\WINDOWS\System32\WindowsPowerShell\v1.0\;C:\WINDOWS\System32\OpenSSH\;c:\Program Files (x86)\Microsoft SQL Server\100\Tools\Binn\;c:\Program Files\Microsoft SQL Server\100\Tools\Binn\;c:\Program Files\Microsoft SQL Server\100\DTS\Binn\;c:\Program Files (x86)\Microsoft SQL Server\100\Tools\Binn\VSShell\Common7\IDE\;c:\Program Files (x86)\Microsoft SQL Server\100\DTS\Binn\;C:\arnav\runnables;C:\Users\aruns\platform-tools;C:\ProgramData\chocolatey\bin;C:\ProgramData\nvm;C:\Program Files\nodejs;C:\Program Files (x86)\Google\Cloud SDK\google-cloud-sdk\bin;C:\Users\aruns\AppData\Local\nvs\node\18.0.0\x64;C:\Program Files\GitHub CLI\;C:\Program Files\PuTTY\;C:\Program Files\MySQL\MySQL Shell 8.0\bin\;C:\Users\aruns\.console-ninja\.bin;C:\Users\aruns\.cargo\bin;C:\Users\aruns\.windows-build-tools\python27\;C:\Users\aruns\AppData\Roaming\npm\node_modules\windows-build-tools\node_modules\.bin;C:\Users\aruns\AppData\Roaming\npm\node_modules\node_modules\.bin;C:\Users\aruns\AppData\Roaming\npm\node_modules\.bin;C:\Users\aruns\AppData\Roaming\node_modules\.bin;C:\Users\aruns\AppData\node_modules\.bin;C:\Users\aruns\node_modules\.bin;C:\Users\node_modules\.bin;C:\node_modules\.bin;C:\Users\aruns\AppData\Roaming\npm\node_modules\npm\node_modules\@npmcli\run-script\lib\node-gyp-bin;C:\Program Files (x86)\Common Files\Oracle\Java\javapath;C:\WINDOWS\system32;C:\WINDOWS;C:\WINDOWS\System32\Wbem;C:\WINDOWS\System32\WindowsPowerShell\v1.0\;C:\WINDOWS\System32\OpenSSH\;c:\Program Files (x86)\Microsoft SQL Server\100\Tools\Binn\;c:\Program Files\Microsoft SQL Server\100\Tools\Binn\;c:\Program Files\Microsoft SQL Server\100\DTS\Binn\;c:\Program Files (x86)\Microsoft SQL Server\100\Tools\Binn\VSShell\Common7\IDE\;c:\Program Files (x86)\Microsoft SQL Server\100\DTS\Binn\;C:\arnav\runnables;C:\Users\aruns\platform-tools;C:\Users\aruns\AppData\Local\Microsoft\WindowsApps;C:\Users\aruns\AppData\Local\GitHubDesktop\bin;C:\Users\aruns\AppData\Local\Programs\Microsoft VS Code\bin;C:\Program Files\heroku\bin;C:\src\flutter\bin;C:\Users\aruns\AppData\Local\Programs\Python\Python39\Scripts;C:\Users\aruns\AppData\Local\nvs\node\18.0.0\x64;C:\Users\aruns\AppData\Local\Programs\Python\Python39;C:\Program Files\FFmpeg\bin;C:\ProgramData\nvm;C:\Program Files\nodejs;C:\Users\aruns\.deta\bin;C:\Program Files\kotlinc\bin;C:\Program Files\kotlin-native-windows-x86_64-1.7.10\bin;C:\Gradle\bin;C:\Program Files\Java\jdk-18.0.1.1\bin;C:\Users\aruns\AppData\Local\Yarn\bin;C:\metasploit-framework\bin;C:\Program Files\Other Programs;C:\Users\aruns\AppData\Local\Microsoft\WindowsApps;C:\Program Files\Bento4\bin;C:\Program Files\scrcpy;C:\Users\aruns\AppData\Roaming\npm;C:\Program Files (x86)\Nmap;C:\Users\aruns\appdata\roaming\python\python312\Scripts;C:\Program Files\Tailscale\;C:\Program Files\Git\cmd;C:\Program Files\Git LFS;C:\Program Files (x86)\Windows Kits\10\Windows Performance Toolkit\;C:\Program Files\dotnet\;C:\Program Files\PowerShell\7\;C:\Users\aruns\go\bin;C:\Users\aruns\scoop\apps\luarocks\current\rocks\bin;C:\Users\aruns\scoop\shims;C:\Program Files\MySQL\MySQL Shell 8.0\bin\;C:\Users\aruns\.cargo\bin;C:\Users\aruns\.windows-build-tools\python27\;C:\Users\aruns\AppData\Roaming\npm\node_modules\windows-build-tools\node_modules\.bin;C:\Users\aruns\AppData\Roaming\npm\node_modules\node_modules\.bin;C:\Users\aruns\AppData\Roaming\npm\node_modules\.bin;C:\Users\aruns\AppData\Roaming\node_modules\.bin;C:\Users\aruns\AppData\node_modules\.bin;C:\Users\aruns\node_modules\.bin;C:\Users\node_modules\.bin;C:\node_modules\.bin;C:\Users\aruns\AppData\Roaming\npm\node_modules\npm\node_modules\@npmcli\run-script\lib\node-gyp-bin;C:\Program Files (x86)\Common Files\Oracle\Java\javapath;C:\WINDOWS\system32;C:\WINDOWS;C:\WINDOWS\System32\Wbem;C:\WINDOWS\System32\WindowsPowerShell\v1.0\;C:\WINDOWS\System32\OpenSSH\;c:\Program Files (x86)\Microsoft SQL Server\100\Tools\Binn\;c:\Program Files\Microsoft SQL Server\100\Tools\Binn\;c:\Program Files\Microsoft SQL Server\100\DTS\Binn\;c:\Program Files (x86)\Microsoft SQL Server\100\Tools\Binn\VSShell\Common7\IDE\;c:\Program Files (x86)\Microsoft SQL Server\100\DTS\Binn\;C:\arnav\runnables;C:\Users\aruns\AppData\Local\Android\Sdk\platform-tools;C:\Program Files\Git\cmd;C:\Users\aruns\AppData\Local\Microsoft\WindowsApps;C:\Users\aruns\AppData\Local\GitHubDesktop\bin;C:\Users\aruns\AppData\Local\Programs\Microsoft VS Code\bin;C:\Program Files\heroku\bin;C:\src\flutter\bin;C:\Users\aruns\AppData\Local\Programs\Python\Python39\Scripts;C:\Users\aruns\AppData\Local\nvs\node\18.0.0\x64;C:\Users\aruns\AppData\Local\Programs\Python\Python39;C:\Program Files\FFmpeg\bin;C:\ProgramData\nvm;C:\Program Files\nodejs;C:\Users\aruns\.deta\bin;C:\Program Files\kotlinc\bin;C:\Program Files\kotlin-native-windows-x86_64-1.7.10\bin;C:\Gradle\bin;C:\Program Files\Java\jdk-18.0.1.1\bin;C:\Users\aruns\AppData\Local\Yarn\bin;C:\metasploit-framework\bin;C:\Program Files\Other Programs;C:\Users\aruns\AppData\Local\Microsoft\WindowsApps;C:\Program Files\Bento4\bin;C:\Program Files\scrcpy;C:\Program Files (x86)\Nmap;C:\Users\aruns\AppData\Local\JetBrains\Toolbox\scripts;C:\Program Files (x86)\GnuPG\bin\;C:\Users\aruns\AppData\Local\Google\Cloud SDK\google-cloud-sdk\bin;C:\Users\aruns\scoop\apps\msys2\current\ucrt64\bin;C:\Program Files\SSHFS-Win\bin;C:\Users\aruns\AppData\Local\Android\Sdk\build-tools\33.0.1

Yarn version: 
  1.22.19

Node version: 
  23.6.1

Platform: 
  win32 x64

Trace: 
  Error: canceled
      at Interface.<anonymous> (C:\Users\aruns\AppData\Roaming\npm\node_modules\yarn\lib\cli.js:137150:13)
      at Interface.emit (node:events:507:28)
      at [_ttyWrite] [as _ttyWrite] (node:internal/readline/interface:1125:18)
      at ReadStream.onkeypress (node:internal/readline/interface:264:20)
      at ReadStream.emit (node:events:507:28)
      at emitKeys (node:internal/readline/utils:370:14)
      at emitKeys.next (<anonymous>)
      at ReadStream.onData (node:internal/readline/emitKeypressEvents:64:36)
      at ReadStream.emit (node:events:507:28)
      at addChunk (node:internal/streams/readable:559:12)

npm manifest: 
  No manifest

yarn manifest: 
  No manifest

Lockfile: 
  No lockfile
